

WedPMCESTE_PM:
 Result: Обновление структуры каталога прошло успешно
added: 0; updated: 0

ThuPMCESTE_PM:
 Result: Обновление структуры каталога прошло успешно


ThuPMCESTE_PM:
 Result: Обновление структуры каталога прошло успешно


ThuPMCESTE_PM:
 Result: Обновление структуры каталога прошло успешно


ThuPMCESTE_PM:
 Result: Обновление структуры каталога прошло успешно


TuePMUTCE_PM:
 Result: Обновление структуры каталога прошло успешно
added: 0; updated: 0

TuePMUTCE_PM:
 Result: Обновление структуры каталога прошло успешно
added: 0; updated: 0

Wed, 08 Oct 2014 21:16:17 +0000:
 Result: Обновление структуры каталога прошло успешно
added: 1169; updated: 0

Wed, 08 Oct 2014 21:47:06 +0000:
 Result: Обновление структуры каталога прошло успешно
added: 0; updated: 0

Wed, 08 Oct 2014 22:14:13 +0000:
 Result: Обновление структуры каталога прошло успешно
added: 0; updated: 0

Fri, 10 Oct 2014 00:59:25 +0000:
 Result: Обновление структуры каталога прошло успешно
added: 11045; updated: 0